0    DEBUG [2013-12-23 17:59:17]  Execute request: RennRequest [path=/coupon/v1, method=GET, textParams=sign=8b935d3f7dde10a88f9c4fadf06df8f7&timestamp=1387792757&action=checkcardno&appkey=10304]
289  INFO  [2013-12-23 17:59:17]  Response body: {"ret":1,"msg":"\u94f6\u884c\u5361\u53f7\u4e0d\u80fd\u4e3a\u7a7a","errcode":0}
0    DEBUG [2013-12-23 17:59:45]  Execute request: RennRequest [path=/coupon/v1, method=GET, textParams=sign=9f000bd727ea3210a9cf74657c12829c&timestamp=1387792785&action=checkcardno&appkey=10304]
235  INFO  [2013-12-23 17:59:45]  Response body: {"ret":1,"msg":"\u94f6\u884c\u5361\u53f7\u4e0d\u80fd\u4e3a\u7a7a","errcode":0}
0    DEBUG [2013-12-23 18:00:56]  Execute request: RennRequest [path=/coupon/v1, method=GET, textParams=sign=671dc9e05794eb2ff97487ff5e8e4c51&timestamp=1387792856&action=checkcardno&appkey=10304]
292  INFO  [2013-12-23 18:00:57]  Response body: {"ret":1,"msg":"\u94f6\u884c\u5361\u53f7\u4e0d\u80fd\u4e3a\u7a7a","errcode":0}
0    DEBUG [2013-12-23 18:01:41]  Execute request: RennRequest [path=/coupon/v1, method=GET, textParams=sign=286d147242415476ecd81cc372941725&timestamp=1387792901&action=checkcardno&appkey=10304&cardno=6227002022081063435]
236  INFO  [2013-12-23 18:01:41]  Response body: {"ret":0,"msg":"ok","errcode":0,"data":[{"result":"2","bankid":"4","bankname":"\u5efa\u8bbe\u94f6\u884c"}]}
0    DEBUG [2013-12-23 18:03:25]  Execute request: RennRequest [path=/coupon/v1, method=GET, textParams=sign=e0c3fe837c206e60f14ba7c25e779c54&timestamp=1387792931&action=checkcardno&appkey=10304&cardno=6227002022081063435]
31092 INFO  [2013-12-23 18:03:56]  Response body: {"ret":0,"msg":"ok","errcode":0,"data":[{"result":"2","bankid":"4","bankname":"\u5efa\u8bbe\u94f6\u884c"}]}
0    DEBUG [2013-12-23 18:12:57]  Execute request: RennRequest [path=/coupon/v1, method=GET, textParams=sign=9e0e91279be95d640873d27fbb6492d8&timestamp=1387793577&action=checkcardno&appkey=10304&cardno=6227002022081063435]
224  INFO  [2013-12-23 18:12:57]  Response body: {"ret":0,"msg":"ok","errcode":0,"data":[{"result":"2","bankid":"4","bankname":"\u5efa\u8bbe\u94f6\u884c"}]}
0    DEBUG [2013-12-23 18:14:47]  Execute request: RennRequest [path=/coupon/v1, method=GET, textParams=sign=b6ba8ccc054a01ae83215f2fd33a0a1a&timestamp=1387793687&action=checkcardno&appkey=10304&cardno=6227002022081063435]
227  INFO  [2013-12-23 18:14:48]  Response body: {"ret":0,"msg":"ok","errcode":0,"data":[{"result":"2","bankid":"4","bankname":"\u5efa\u8bbe\u94f6\u884c"}]}
0    DEBUG [2013-12-24 09:03:58]  Execute request: RennRequest [path=/coupon/v1, method=GET, textParams=sign=2bea9924015d1262f92604bb2a2e9b8d&timestamp=1387847038&action=checkcardno&appkey=10304&cardno=6227002022081063435]
394  INFO  [2013-12-24 09:03:58]  Response body: {"ret":0,"msg":"ok","errcode":0,"data":[{"result":"2","bankid":"4","bankname":"\u5efa\u8bbe\u94f6\u884c"}]}
0    DEBUG [2013-12-24 09:05:36]  Execute request: RennRequest [path=/coupon/v1, method=GET, textParams=sign=5ed78c01c4c6ededc946ad5dac95b551&timestamp=1387847132&action=checkcardno&appkey=10304&cardno=6227002022081063435]
267  INFO  [2013-12-24 09:05:37]  Response body: {"ret":0,"msg":"ok","errcode":0,"data":[{"result":"2","bankid":"4","bankname":"\u5efa\u8bbe\u94f6\u884c"}]}
0    DEBUG [2013-12-24 09:07:03]  Execute request: RennRequest [path=/coupon/v1, method=GET, textParams=sign=e952b396d849a6528161245837652b7c&timestamp=1387847223&action=checkcardno&appkey=10304&cardno=6227002022081063435]
212  INFO  [2013-12-24 09:07:03]  Response body: {"ret":0,"msg":"ok","errcode":0,"data":[{"result":"2","bankid":"4","bankname":"\u5efa\u8bbe\u94f6\u884c"}]}
0    DEBUG [2013-12-24 09:07:22]  Execute request: RennRequest [path=/coupon/v1, method=GET, textParams=sign=8c6f3682e517f634d39f4e56bdb47eb9&timestamp=1387847241&action=checkcardno&appkey=10304&cardno=6227002022081063435]
237  INFO  [2013-12-24 09:07:23]  Response body: {"ret":0,"msg":"ok","errcode":0,"data":[{"result":"2","bankid":"4","bankname":"\u5efa\u8bbe\u94f6\u884c"}]}
0    DEBUG [2013-12-24 09:08:51]  Execute request: RennRequest [path=/coupon/v1, method=GET, textParams=sign=f8bfd179a9825ef5dd24ed11feadc3cf&timestamp=1387847331&action=checkcardno&appkey=10304&cardno=6227002022081063435]
234  INFO  [2013-12-24 09:08:51]  Response body: {"ret":0,"msg":"ok","errcode":0,"data":[{"result":"2","bankid":"4","bankname":"\u5efa\u8bbe\u94f6\u884c"}]}
0    DEBUG [2013-12-24 09:09:07]  Execute request: RennRequest [path=/coupon/v1, method=GET, textParams=sign=fbc1f3700094768b6442ea74f6aed69c&timestamp=1387847344&action=checkcardno&appkey=10304&cardno=6227002022081063435]
257  INFO  [2013-12-24 09:09:07]  Response body: {"ret":0,"msg":"ok","errcode":0,"data":[{"result":"2","bankid":"4","bankname":"\u5efa\u8bbe\u94f6\u884c"}]}
0    DEBUG [2013-12-24 09:09:43]  Execute request: RennRequest [path=/coupon/v1, method=GET, textParams=sign=3721cc661de4bb6cc060cfcf8a9eba0a&timestamp=1387847373&action=checkcardno&appkey=10304&cardno=6227002022081063435]
229  INFO  [2013-12-24 09:09:43]  Response body: {"ret":0,"msg":"ok","errcode":0,"data":[{"result":"2","bankid":"4","bankname":"\u5efa\u8bbe\u94f6\u884c"}]}
0    DEBUG [2013-12-24 09:12:42]  Execute request: RennRequest [path=/coupon/v1, method=GET, textParams=sign=2d52fe287a11a658ac6d2c667217f711&timestamp=1387847560&action=checkcardno&appkey=10304&cardno=6227002022081063435]
236  INFO  [2013-12-24 09:12:43]  Response body: {"ret":0,"msg":"ok","errcode":0,"data":[{"result":"2","bankid":"4","bankname":"\u5efa\u8bbe\u94f6\u884c"}]}
0    DEBUG [2013-12-24 09:15:50]  Execute request: RennRequest [path=/coupon/v1, method=GET, textParams=sign=9b4ef21c0d47d0766f6191a96868265d&timestamp=1387847747&action=checkcardno&appkey=10304&cardno=6227002022081063435]
241  INFO  [2013-12-24 09:15:50]  Response body: {"ret":0,"msg":"ok","errcode":0,"data":[{"result":"2","bankid":"4","bankname":"\u5efa\u8bbe\u94f6\u884c"}]}
0    DEBUG [2013-12-24 09:37:55]  Execute request: RennRequest [path=/coupon/v1, method=GET, textParams=sign=6e111bd1bf738518ee6cf18289eaae2d&timestamp=1387849075&action=checkcardno&appkey=10304&cardno=6227002022081063435]
234  INFO  [2013-12-24 09:37:56]  Response body: {"ret":0,"msg":"ok","errcode":0,"data":[{"result":"2","bankid":"4","bankname":"\u5efa\u8bbe\u94f6\u884c"}]}
0    DEBUG [2013-12-24 09:38:11]  Execute request: RennRequest [path=/coupon/v1, method=GET, textParams=sign=09e32ebc6fb185409aeb426d4797ad89&timestamp=1387849088&action=checkcardno&appkey=10304&cardno=6227002022081063435]
233  INFO  [2013-12-24 09:38:11]  Response body: {"ret":0,"msg":"ok","errcode":0,"data":[{"result":"2","bankid":"4","bankname":"\u5efa\u8bbe\u94f6\u884c"}]}
0    DEBUG [2013-12-24 09:40:45]  Execute request: RennRequest [path=/coupon/v1, method=GET, textParams=sign=8be299bb088311d6c5154f0bbfbd1bc5&timestamp=1387849242&action=checkcardno&appkey=10304&cardno=6227002022081063435]
218  INFO  [2013-12-24 09:40:45]  Response body: {"ret":0,"msg":"ok","errcode":0,"data":[{"result":"2","bankid":"4","bankname":"\u5efa\u8bbe\u94f6\u884c"}]}
0    DEBUG [2013-12-24 09:46:28]  Execute request: RennRequest [path=/coupon/v1, method=GET, textParams=sign=070d5d005b9020cb8beb4dcae1e2d235&timestamp=1387849588&action=checkcardno&appkey=10304&cardno=6227002022081063435]
250  INFO  [2013-12-24 09:46:28]  Response body: {"ret":0,"msg":"ok","errcode":0,"data":[{"result":"2","bankid":"4","bankname":"\u5efa\u8bbe\u94f6\u884c"}]}
0    DEBUG [2013-12-24 09:59:17]  Execute request: RennRequest [path=/coupon/v1, method=GET, textParams=sign=fd02db2544fcb285158f91352751d83c&timestamp=1387850357&action=checkcardno&appkey=10304&cardno=6227002022081063435]
221  INFO  [2013-12-24 09:59:17]  Response body: {"ret":0,"msg":"ok","errcode":0,"data":[{"result":"2","bankid":"4","bankname":"\u5efa\u8bbe\u94f6\u884c"}]}
0    DEBUG [2013-12-24 10:02:38]  Execute request: RennRequest [path=/coupon/v1, method=GET, textParams=sign=eadc67665463c51f429800dcbf3fb66e&timestamp=1387850558&action=checkcardno&appkey=10304&cardno=6227002022081063435]
231  INFO  [2013-12-24 10:02:38]  Response body: {"ret":0,"msg":"ok","errcode":0,"data":[{"result":"2","bankid":"4","bankname":"\u5efa\u8bbe\u94f6\u884c"}]}
0    DEBUG [2013-12-24 10:11:22]  Execute request: RennRequest [path=/coupon/v1, method=GET, textParams=sign=5889095001759584bc63292c592b4f92&timestamp=1387851082&action=checkcardno&appkey=10304&cardno=6227002022081063435]
246  INFO  [2013-12-24 10:11:23]  Response body: {"ret":0,"msg":"ok","errcode":0,"data":[{"result":"2","bankid":"4","bankname":"\u5efa\u8bbe\u94f6\u884c"}]}
0    DEBUG [2013-12-24 10:11:39]  Execute request: RennRequest [path=/coupon/v1, method=GET, textParams=sign=7ab0ec31f9c82c1ff30bca5877a00c29&timestamp=1387851093&action=checkcardno&appkey=10304&cardno=6227002022081063435]
244  INFO  [2013-12-24 10:11:39]  Response body: {"ret":0,"msg":"ok","errcode":0,"data":[{"result":"2","bankid":"4","bankname":"\u5efa\u8bbe\u94f6\u884c"}]}
0    DEBUG [2013-12-24 10:31:42]  Execute request: RennRequest [path=/coupon/v1, method=GET, textParams=sign=a39db5fb24e59949fff63eac0e89d23a&timestamp=1387852302&action=checkcardno&appkey=10304&cardno=6227002022081063435]
254  INFO  [2013-12-24 10:31:42]  Response body: {"ret":0,"msg":"ok","errcode":0,"data":[{"result":"2","bankid":"4","bankname":"\u5efa\u8bbe\u94f6\u884c"}]}
0    DEBUG [2013-12-24 10:39:04]  Execute request: RennRequest [path=/coupon/v1, method=GET, textParams=sign=f1efd3f10b1d224f214b2e61700ad7cd&timestamp=1387852744&appkey=10304]
201  INFO  [2013-12-24 10:39:04]  Response body: {"ret":0,"msg":"ok","errcode":0}
0    DEBUG [2013-12-24 10:40:55]  Execute request: RennRequest [path=/coupon/v1, method=GET, textParams=sign=a47cb466db74a5080389ddaec9225c08&timestamp=1387852855&action=checkcardno&appkey=10304&cardno=6227002022081063435]
222  INFO  [2013-12-24 10:40:56]  Response body: {"ret":0,"msg":"ok","errcode":0,"data":[{"result":"2","bankid":"4","bankname":"\u5efa\u8bbe\u94f6\u884c"}]}
0    DEBUG [2013-12-24 15:02:50]  Execute request: RennRequest [path=/coupon/v1, method=GET, textParams=sign=877a9e0957458042923e105e4076d339&timestamp=1387868570&action=checkcardno&appkey=10304&cardno=6227002022081063435]
317  INFO  [2013-12-24 15:02:51]  Response body: {"ret":0,"msg":"ok","errcode":0,"data":[{"result":"2","bankid":"4","bankname":"\u5efa\u8bbe\u94f6\u884c"}]}
0    DEBUG [2013-12-24 17:22:43]  Execute request: RennRequest [path=/coupon/v1, method=GET, textParams=sign=dfc913096fc3db917f070d44f6373283&timestamp=1387876963&action=checkcardno&appkey=10304&cardno=6227002022081063435]
231  INFO  [2013-12-24 17:22:43]  Response body: {"ret":0,"msg":"ok","errcode":0,"data":[{"result":"2","bankid":"4","bankname":"\u5efa\u8bbe\u94f6\u884c"}]}
0    DEBUG [2013-12-24 17:26:41]  Execute request: RennRequest [path=/coupon/v1, method=GET, textParams=sign=46271c3056aa88f3ac40ea6e0a2ca915&timestamp=1387877201&action=checkcardno&appkey=10304&cardno=6227002022081063435]
230  INFO  [2013-12-24 17:26:42]  Response body: {"ret":0,"msg":"ok","errcode":0,"data":[{"result":"2","bankid":"4","bankname":"\u5efa\u8bbe\u94f6\u884c"}]}
0    DEBUG [2013-12-24 17:35:45]  Execute request: RennRequest [path=/coupon/v1, method=GET, textParams=sign=78e7a8c4da621f4d252df2cd0d69c5b7&timestamp=1387877745&action=checkcardno&appkey=10304&cardno=6227002022081063435]
225  INFO  [2013-12-24 17:35:46]  Response body: {"ret":0,"msg":"ok","errcode":0,"data":[{"result":"2","bankid":"4","bankname":"\u5efa\u8bbe\u94f6\u884c"}]}
0    DEBUG [2013-12-24 17:37:18]  Execute request: RennRequest [path=/coupon/v1, method=GET, textParams=sign=d3849ef7c0e601166f72349aa51dc710&timestamp=1387877838&action=checkcardno&appkey=10304&cardno=6227002022081063435]
204  INFO  [2013-12-24 17:37:18]  Response body: {"ret":0,"msg":"ok","errcode":0,"data":[{"result":"2","bankid":"4","bankname":"\u5efa\u8bbe\u94f6\u884c"}]}
0    DEBUG [2013-12-24 17:38:12]  Execute request: RennRequest [path=/coupon/v1, method=GET, textParams=sign=ddfa4ee38fa570d305e6e2d797c7cb9a&timestamp=1387877892&action=checkcardno&appkey=10304&cardno=6227002022081063435]
237  INFO  [2013-12-24 17:38:12]  Response body: {"ret":0,"msg":"ok","errcode":0,"data":[{"result":"2","bankid":"4","bankname":"\u5efa\u8bbe\u94f6\u884c"}]}
